# JRE version: OpenJDK Runtime Environment (21.0.6) (build 21.0.6+-13391695-b895.109)
# Java VM: OpenJDK 64-Bit Server VM (21.0.6+-13391695-b895.109, mixed mode, tiered, compressed oops, compressed class ptrs, g1 gc, windows-amd64)
GC Precious Log:
 CardTable entry size: 512
 Card Set container configuration: InlinePtr #cards 5 size 8 Array Of Cards #cards 12 size 40 Howl #buckets 4 coarsen threshold 1843 Howl Bitmap #cards 512 size 80 coarsen threshold 460 Card regions per heap region 1 cards per card region 2048
 CPUs: 4 total, 4 available
 Memory: 3927M
 Large Page Support: Disabled
 NUMA Support: Disabled
 Compressed Oops: Enabled (32-bit)
 Heap Region Size: 1M
 Heap Min Capacity: 8M
 Heap Initial Capacity: 62M
 Heap Max Capacity: 768M
 Pre-touch: Disabled
 Parallel Workers: 4
 Concurrent Workers: 1
 Concurrent Refinement Workers: 4
 Periodic GC: Disabled
Heap:
 garbage-first heap   total 423936K, used 321955K [0x00000000d0000000, 0x0000000100000000)
  region size 1024K, 9 young (9216K), 2 survivors (2048K)
 Metaspace       used 137837K, committed 139968K, reserved 1179648K
  class space    used 18311K, committed 19392K, reserved 1048576K
GC Heap History (20 events):
Event: 54.310 GC heap before
{Heap before GC invocations=64 (full 0):
 garbage-first heap   total 286720K, used 257024K [0x00000000d0000000, 0x0000000100000000)
  region size 1024K, 83 young (84992K), 11 survivors (11264K)
 Metaspace       used 128033K, committed 130048K, reserved 1179648K
  class space    used 17041K, committed 18048K, reserved 1048576K
}
Event: 54.367 GC heap after
{Heap after GC invocations=65 (full 0):
 garbage-first heap   total 288768K, used 191488K [0x00000000d0000000, 0x0000000100000000)
  region size 1024K, 11 young (11264K), 11 survivors (11264K)
 Metaspace       used 128033K, committed 130048K, reserved 1179648K
  class space    used 17041K, committed 18048K, reserved 1048576K
}
Event: 54.878 GC heap before
{Heap before GC invocations=65 (full 0):
 garbage-first heap   total 288768K, used 254976K [0x00000000d0000000, 0x0000000100000000)
  region size 1024K, 74 young (75776K), 11 survivors (11264K)
 Metaspace       used 128230K, committed 130240K, reserved 1179648K
  class space    used 17048K, committed 18048K, reserved 1048576K
}
Event: 54.954 GC heap after
{Heap after GC invocations=66 (full 0):
 garbage-first heap   total 296960K, used 220672K [0x00000000d0000000, 0x0000000100000000)
  region size 1024K, 10 young (10240K), 10 survivors (10240K)
 Metaspace       used 128230K, committed 130240K, reserved 1179648K
  class space    used 17048K, committed 18048K, reserved 1048576K
}
Event: 55.749 GC heap before
{Heap before GC invocations=66 (full 0):
 garbage-first heap   total 296960K, used 261632K [0x00000000d0000000, 0x0000000100000000)
  region size 1024K, 51 young (52224K), 10 survivors (10240K)
 Metaspace       used 128303K, committed 130368K, reserved 1179648K
  class space    used 17056K, committed 18112K, reserved 1048576K
}
Event: 55.799 GC heap after
{Heap after GC invocations=67 (full 0):
 garbage-first heap   total 296960K, used 241664K [0x00000000d0000000, 0x0000000100000000)
  region size 1024K, 7 young (7168K), 7 survivors (7168K)
 Metaspace       used 128303K, committed 130368K, reserved 1179648K
  class space    used 17056K, committed 18112K, reserved 1048576K
}
Event: 56.431 GC heap before
{Heap before GC invocations=68 (full 0):
 garbage-first heap   total 399360K, used 266239K [0x00000000d0000000, 0x0000000100000000)
  region size 1024K, 34 young (34816K), 7 survivors (7168K)
 Metaspace       used 128817K, committed 130880K, reserved 1179648K
  class space    used 17134K, committed 18176K, reserved 1048576K
}
Event: 56.451 GC heap after
{Heap after GC invocations=69 (full 0):
 garbage-first heap   total 399360K, used 246784K [0x00000000d0000000, 0x0000000100000000)
  region size 1024K, 5 young (5120K), 5 survivors (5120K)
 Metaspace       used 128817K, committed 130880K, reserved 1179648K
  class space    used 17134K, committed 18176K, reserved 1048576K
}
Event: 58.375 GC heap before
{Heap before GC invocations=69 (full 0):
 garbage-first heap   total 399360K, used 324608K [0x00000000d0000000, 0x0000000100000000)
  region size 1024K, 82 young (83968K), 5 survivors (5120K)
 Metaspace       used 134042K, committed 136192K, reserved 1179648K
  class space    used 17787K, committed 18880K, reserved 1048576K
}
Event: 58.399 GC heap after
{Heap after GC invocations=70 (full 0):
 garbage-first heap   total 399360K, used 249630K [0x00000000d0000000, 0x0000000100000000)
  region size 1024K, 11 young (11264K), 11 survivors (11264K)
 Metaspace       used 134042K, committed 136192K, reserved 1179648K
  class space    used 17787K, committed 18880K, reserved 1048576K
}
Event: 60.702 GC heap before
{Heap before GC invocations=70 (full 0):
 garbage-first heap   total 399360K, used 333598K [0x00000000d0000000, 0x0000000100000000)
  region size 1024K, 92 young (94208K), 11 survivors (11264K)
 Metaspace       used 136592K, committed 138752K, reserved 1179648K
  class space    used 18154K, committed 19264K, reserved 1048576K
}
Event: 60.742 GC heap after
{Heap after GC invocations=71 (full 0):
 garbage-first heap   total 399360K, used 259916K [0x00000000d0000000, 0x0000000100000000)
  region size 1024K, 12 young (12288K), 12 survivors (12288K)
 Metaspace       used 136592K, committed 138752K, reserved 1179648K
  class space    used 18154K, committed 19264K, reserved 1048576K
}
Event: 60.763 GC heap before
{Heap before GC invocations=71 (full 0):
 garbage-first heap   total 399360K, used 260940K [0x00000000d0000000, 0x0000000100000000)
  region size 1024K, 14 young (14336K), 12 survivors (12288K)
 Metaspace       used 136594K, committed 138752K, reserved 1179648K
  class space    used 18155K, committed 19264K, reserved 1048576K
}
Event: 60.787 GC heap after
{Heap after GC invocations=72 (full 0):
 garbage-first heap   total 399360K, used 262410K [0x00000000d0000000, 0x0000000100000000)
  region size 1024K, 2 young (2048K), 2 survivors (2048K)
 Metaspace       used 136594K, committed 138752K, reserved 1179648K
  class space    used 18155K, committed 19264K, reserved 1048576K
}
Event: 67.222 GC heap before
{Heap before GC invocations=73 (full 0):
 garbage-first heap   total 423936K, used 341258K [0x00000000d0000000, 0x0000000100000000)
  region size 1024K, 79 young (80896K), 2 survivors (2048K)
 Metaspace       used 137470K, committed 139648K, reserved 1179648K
  class space    used 18276K, committed 19392K, reserved 1048576K
}
Event: 67.247 GC heap after
{Heap after GC invocations=74 (full 0):
 garbage-first heap   total 423936K, used 268245K [0x00000000d0000000, 0x0000000100000000)
  region size 1024K, 8 young (8192K), 8 survivors (8192K)
 Metaspace       used 137470K, committed 139648K, reserved 1179648K
  class space    used 18276K, committed 19392K, reserved 1048576K
}
Event: 70.644 GC heap before
{Heap before GC invocations=74 (full 0):
 garbage-first heap   total 423936K, used 387029K [0x00000000d0000000, 0x0000000100000000)
  region size 1024K, 100 young (102400K), 8 survivors (8192K)
 Metaspace       used 137803K, committed 139968K, reserved 1179648K
  class space    used 18311K, committed 19392K, reserved 1048576K
}
Event: 70.697 GC heap after
{Heap after GC invocations=75 (full 0):
 garbage-first heap   total 423936K, used 297973K [0x00000000d0000000, 0x0000000100000000)
  region size 1024K, 13 young (13312K), 13 survivors (13312K)
 Metaspace       used 137803K, committed 139968K, reserved 1179648K
  class space    used 18311K, committed 19392K, reserved 1048576K
}
Event: 72.467 GC heap before
{Heap before GC invocations=75 (full 0):
 garbage-first heap   total 423936K, used 336885K [0x00000000d0000000, 0x0000000100000000)
  region size 1024K, 52 young (53248K), 13 survivors (13312K)
 Metaspace       used 137826K, committed 139968K, reserved 1179648K
  class space    used 18311K, committed 19392K, reserved 1048576K
}
Event: 72.497 GC heap after
{Heap after GC invocations=76 (full 0):
 garbage-first heap   total 423936K, used 299427K [0x00000000d0000000, 0x0000000100000000)
  region size 1024K, 2 young (2048K), 2 survivors (2048K)
 Metaspace       used 137826K, committed 139968K, reserved 1179648K
  class space    used 18311K, committed 19392K, reserved 1048576K
}

