# JRE version: OpenJDK Runtime Environment (21.0.6) (build 21.0.6+-13391695-b895.109)
# Java VM: OpenJDK 64-Bit Server VM (21.0.6+-13391695-b895.109, mixed mode, tiered, compressed oops, compressed class ptrs, g1 gc, windows-amd64)
GC Precious Log:
 CardTable entry size: 512
 Card Set container configuration: InlinePtr #cards 5 size 8 Array Of Cards #cards 12 size 40 Howl #buckets 4 coarsen threshold 1843 Howl Bitmap #cards 512 size 80 coarsen threshold 460 Card regions per heap region 1 cards per card region 2048
 CPUs: 4 total, 4 available
 Memory: 3927M
 Large Page Support: Disabled
 NUMA Support: Disabled
 Compressed Oops: Enabled (32-bit)
 Heap Region Size: 1M
 Heap Min Capacity: 8M
 Heap Initial Capacity: 62M
 Heap Max Capacity: 2G
 Pre-touch: Disabled
 Parallel Workers: 4
 Concurrent Workers: 1
 Concurrent Refinement Workers: 4
 Periodic GC: Disabled
Heap:
 garbage-first heap   total 362496K, used 220641K [0x0000000080000000, 0x0000000100000000)
  region size 1024K, 3 young (3072K), 3 survivors (3072K)
 Metaspace       used 133730K, committed 135872K, reserved 1179648K
  class space    used 17522K, committed 18624K, reserved 1048576K
GC Heap History (20 events):
Event: 68.677 GC heap after
{Heap after GC invocations=51 (full 0):
 garbage-first heap   total 204800K, used 137728K [0x0000000080000000, 0x0000000100000000)
  region size 1024K, 7 young (7168K), 7 survivors (7168K)
 Metaspace       used 116982K, committed 119040K, reserved 1179648K
  class space    used 15433K, committed 16448K, reserved 1048576K
}
Event: 71.057 GC heap before
{Heap before GC invocations=51 (full 0):
 garbage-first heap   total 204800K, used 165376K [0x0000000080000000, 0x0000000100000000)
  region size 1024K, 35 young (35840K), 7 survivors (7168K)
 Metaspace       used 117090K, committed 119104K, reserved 1179648K
  class space    used 15438K, committed 16448K, reserved 1048576K
}
Event: 71.107 GC heap after
{Heap after GC invocations=52 (full 0):
 garbage-first heap   total 204800K, used 146944K [0x0000000080000000, 0x0000000100000000)
  region size 1024K, 6 young (6144K), 6 survivors (6144K)
 Metaspace       used 117090K, committed 119104K, reserved 1179648K
  class space    used 15438K, committed 16448K, reserved 1048576K
}
Event: 76.418 GC heap before
{Heap before GC invocations=53 (full 0):
 garbage-first heap   total 271360K, used 197120K [0x0000000080000000, 0x0000000100000000)
  region size 1024K, 40 young (40960K), 6 survivors (6144K)
 Metaspace       used 117547K, committed 119616K, reserved 1179648K
  class space    used 15474K, committed 16512K, reserved 1048576K
}
Event: 76.457 GC heap after
{Heap after GC invocations=54 (full 0):
 garbage-first heap   total 271360K, used 153088K [0x0000000080000000, 0x0000000100000000)
  region size 1024K, 5 young (5120K), 5 survivors (5120K)
 Metaspace       used 117547K, committed 119616K, reserved 1179648K
  class space    used 15474K, committed 16512K, reserved 1048576K
}
Event: 79.692 GC heap before
{Heap before GC invocations=54 (full 0):
 garbage-first heap   total 271360K, used 232960K [0x0000000080000000, 0x0000000100000000)
  region size 1024K, 84 young (86016K), 5 survivors (5120K)
 Metaspace       used 121135K, committed 123136K, reserved 1179648K
  class space    used 15755K, committed 16768K, reserved 1048576K
}
Event: 79.810 GC heap after
{Heap after GC invocations=55 (full 0):
 garbage-first heap   total 325632K, used 158039K [0x0000000080000000, 0x0000000100000000)
  region size 1024K, 11 young (11264K), 11 survivors (11264K)
 Metaspace       used 121135K, committed 123136K, reserved 1179648K
  class space    used 15755K, committed 16768K, reserved 1048576K
}
Event: 86.435 GC heap before
{Heap before GC invocations=55 (full 0):
 garbage-first heap   total 325632K, used 267607K [0x0000000080000000, 0x0000000100000000)
  region size 1024K, 119 young (121856K), 11 survivors (11264K)
 Metaspace       used 124467K, committed 126528K, reserved 1179648K
  class space    used 16124K, committed 17152K, reserved 1048576K
}
Event: 86.485 GC heap after
{Heap after GC invocations=56 (full 0):
 garbage-first heap   total 325632K, used 154535K [0x0000000080000000, 0x0000000100000000)
  region size 1024K, 7 young (7168K), 7 survivors (7168K)
 Metaspace       used 124467K, committed 126528K, reserved 1179648K
  class space    used 16124K, committed 17152K, reserved 1048576K
}
Event: 93.217 GC heap before
{Heap before GC invocations=56 (full 0):
 garbage-first heap   total 325632K, used 261031K [0x0000000080000000, 0x0000000100000000)
  region size 1024K, 113 young (115712K), 7 survivors (7168K)
 Metaspace       used 126078K, committed 128128K, reserved 1179648K
  class space    used 16317K, committed 17344K, reserved 1048576K
}
Event: 93.355 GC heap after
{Heap after GC invocations=57 (full 0):
 garbage-first heap   total 325632K, used 159063K [0x0000000080000000, 0x0000000100000000)
  region size 1024K, 12 young (12288K), 12 survivors (12288K)
 Metaspace       used 126078K, committed 128128K, reserved 1179648K
  class space    used 16317K, committed 17344K, reserved 1048576K
}
Event: 100.290 GC heap before
{Heap before GC invocations=58 (full 0):
 garbage-first heap   total 326656K, used 324951K [0x0000000080000000, 0x0000000100000000)
  region size 1024K, 144 young (147456K), 12 survivors (12288K)
 Metaspace       used 130589K, committed 132672K, reserved 1179648K
  class space    used 16926K, committed 17984K, reserved 1048576K
}
Event: 100.439 GC heap after
{Heap after GC invocations=59 (full 0):
 garbage-first heap   total 362496K, used 195023K [0x0000000080000000, 0x0000000100000000)
  region size 1024K, 19 young (19456K), 19 survivors (19456K)
 Metaspace       used 130589K, committed 132672K, reserved 1179648K
  class space    used 16926K, committed 17984K, reserved 1048576K
}
Event: 100.812 GC heap before
{Heap before GC invocations=59 (full 0):
 garbage-first heap   total 362496K, used 203215K [0x0000000080000000, 0x0000000100000000)
  region size 1024K, 28 young (28672K), 19 survivors (19456K)
 Metaspace       used 130591K, committed 132672K, reserved 1179648K
  class space    used 16926K, committed 17984K, reserved 1048576K
}
Event: 100.907 GC heap after
{Heap after GC invocations=60 (full 0):
 garbage-first heap   total 362496K, used 182272K [0x0000000080000000, 0x0000000100000000)
  region size 1024K, 3 young (3072K), 3 survivors (3072K)
 Metaspace       used 130591K, committed 132672K, reserved 1179648K
  class space    used 16926K, committed 17984K, reserved 1048576K
}
Event: 101.022 GC heap before
{Heap before GC invocations=60 (full 0):
 garbage-first heap   total 362496K, used 186368K [0x0000000080000000, 0x0000000100000000)
  region size 1024K, 8 young (8192K), 3 survivors (3072K)
 Metaspace       used 130591K, committed 132672K, reserved 1179648K
  class space    used 16926K, committed 17984K, reserved 1048576K
}
Event: 101.054 GC heap after
{Heap after GC invocations=61 (full 0):
 garbage-first heap   total 362496K, used 183808K [0x0000000080000000, 0x0000000100000000)
  region size 1024K, 4 young (4096K), 4 survivors (4096K)
 Metaspace       used 130591K, committed 132672K, reserved 1179648K
  class space    used 16926K, committed 17984K, reserved 1048576K
}
Event: 104.440 GC heap before
{Heap before GC invocations=62 (full 0):
 garbage-first heap   total 362496K, used 271872K [0x0000000080000000, 0x0000000100000000)
  region size 1024K, 90 young (92160K), 4 survivors (4096K)
 Metaspace       used 133730K, committed 135872K, reserved 1179648K
  class space    used 17522K, committed 18624K, reserved 1048576K
}
Event: 104.553 GC heap after
{Heap after GC invocations=63 (full 0):
 garbage-first heap   total 362496K, used 218112K [0x0000000080000000, 0x0000000100000000)
  region size 1024K, 12 young (12288K), 12 survivors (12288K)
 Metaspace       used 133730K, committed 135872K, reserved 1179648K
  class space    used 17522K, committed 18624K, reserved 1048576K
}
Event: 104.595 GC heap before
{Heap before GC invocations=63 (full 0):
 garbage-first heap   total 362496K, used 223232K [0x0000000080000000, 0x0000000100000000)
  region size 1024K, 17 young (17408K), 12 survivors (12288K)
 Metaspace       used 133730K, committed 135872K, reserved 1179648K
  class space    used 17522K, committed 18624K, reserved 1048576K
}

