# JRE version: OpenJDK Runtime Environment (21.0.6) (build 21.0.6+-13391695-b895.109)
# Java VM: OpenJDK 64-Bit Server VM (21.0.6+-13391695-b895.109, mixed mode, tiered, compressed oops, compressed class ptrs, g1 gc, windows-amd64)
GC Precious Log:
 CardTable entry size: 512
 Card Set container configuration: InlinePtr #cards 5 size 8 Array Of Cards #cards 12 size 40 Howl #buckets 4 coarsen threshold 1843 Howl Bitmap #cards 512 size 80 coarsen threshold 460 Card regions per heap region 1 cards per card region 2048
 CPUs: 4 total, 4 available
 Memory: 3927M
 Large Page Support: Disabled
 NUMA Support: Disabled
 Compressed Oops: Enabled (32-bit)
 Heap Region Size: 1M
 Heap Min Capacity: 8M
 Heap Initial Capacity: 62M
 Heap Max Capacity: 982M
 Pre-touch: Disabled
 Parallel Workers: 4
 Concurrent Workers: 1
 Concurrent Refinement Workers: 4
 Periodic GC: Disabled
Heap:
 garbage-first heap   total 49152K, used 21485K [0x00000000c2a00000, 0x0000000100000000)
  region size 1024K, 1 young (1024K), 1 survivors (1024K)
 Metaspace       used 44801K, committed 45440K, reserved 1114112K
  class space    used 5454K, committed 5760K, reserved 1048576K
GC Heap History (17 events):
Event: 0.827 GC heap before
{Heap before GC invocations=0 (full 0):
 garbage-first heap   total 63488K, used 17408K [0x00000000c2a00000, 0x0000000100000000)
  region size 1024K, 13 young (13312K), 0 survivors (0K)
 Metaspace       used 10869K, committed 11072K, reserved 1114112K
  class space    used 926K, committed 1024K, reserved 1048576K
}
Event: 0.855 GC heap after
{Heap after GC invocations=1 (full 0):
 garbage-first heap   total 63488K, used 6192K [0x00000000c2a00000, 0x0000000100000000)
  region size 1024K, 2 young (2048K), 2 survivors (2048K)
 Metaspace       used 10869K, committed 11072K, reserved 1114112K
  class space    used 926K, committed 1024K, reserved 1048576K
}
Event: 1.705 GC heap before
{Heap before GC invocations=1 (full 0):
 garbage-first heap   total 63488K, used 25648K [0x00000000c2a00000, 0x0000000100000000)
  region size 1024K, 22 young (22528K), 2 survivors (2048K)
 Metaspace       used 15886K, committed 16000K, reserved 1114112K
  class space    used 1543K, committed 1600K, reserved 1048576K
}
Event: 1.714 GC heap after
{Heap after GC invocations=2 (full 0):
 garbage-first heap   total 63488K, used 8488K [0x00000000c2a00000, 0x0000000100000000)
  region size 1024K, 3 young (3072K), 3 survivors (3072K)
 Metaspace       used 15886K, committed 16000K, reserved 1114112K
  class space    used 1543K, committed 1600K, reserved 1048576K
}
Event: 2.390 GC heap before
{Heap before GC invocations=2 (full 0):
 garbage-first heap   total 63488K, used 25896K [0x00000000c2a00000, 0x0000000100000000)
  region size 1024K, 21 young (21504K), 3 survivors (3072K)
 Metaspace       used 21381K, committed 21504K, reserved 1114112K
  class space    used 2320K, committed 2368K, reserved 1048576K
}
Event: 2.399 GC heap after
{Heap after GC invocations=3 (full 0):
 garbage-first heap   total 63488K, used 10603K [0x00000000c2a00000, 0x0000000100000000)
  region size 1024K, 5 young (5120K), 5 survivors (5120K)
 Metaspace       used 21381K, committed 21504K, reserved 1114112K
  class space    used 2320K, committed 2368K, reserved 1048576K
}
Event: 4.198 GC heap before
{Heap before GC invocations=4 (full 0):
 garbage-first heap   total 37888K, used 37227K [0x00000000c2a00000, 0x0000000100000000)
  region size 1024K, 31 young (31744K), 5 survivors (5120K)
 Metaspace       used 30600K, committed 30848K, reserved 1114112K
  class space    used 3731K, committed 3840K, reserved 1048576K
}
Event: 4.210 GC heap after
{Heap after GC invocations=5 (full 0):
 garbage-first heap   total 45056K, used 11828K [0x00000000c2a00000, 0x0000000100000000)
  region size 1024K, 4 young (4096K), 4 survivors (4096K)
 Metaspace       used 30600K, committed 30848K, reserved 1114112K
  class space    used 3731K, committed 3840K, reserved 1048576K
}
Event: 5.165 GC heap before
{Heap before GC invocations=5 (full 0):
 garbage-first heap   total 45056K, used 36404K [0x00000000c2a00000, 0x0000000100000000)
  region size 1024K, 26 young (26624K), 4 survivors (4096K)
 Metaspace       used 33942K, committed 34240K, reserved 1114112K
  class space    used 4267K, committed 4416K, reserved 1048576K
}
Event: 5.182 GC heap after
{Heap after GC invocations=6 (full 0):
 garbage-first heap   total 45056K, used 18220K [0x00000000c2a00000, 0x0000000100000000)
  region size 1024K, 4 young (4096K), 4 survivors (4096K)
 Metaspace       used 33942K, committed 34240K, reserved 1114112K
  class space    used 4267K, committed 4416K, reserved 1048576K
}
Event: 5.468 GC heap before
{Heap before GC invocations=6 (full 0):
 garbage-first heap   total 45056K, used 24364K [0x00000000c2a00000, 0x0000000100000000)
  region size 1024K, 11 young (11264K), 4 survivors (4096K)
 Metaspace       used 35722K, committed 35968K, reserved 1114112K
  class space    used 4456K, committed 4608K, reserved 1048576K
}
Event: 5.478 GC heap after
{Heap after GC invocations=7 (full 0):
 garbage-first heap   total 45056K, used 20120K [0x00000000c2a00000, 0x0000000100000000)
  region size 1024K, 2 young (2048K), 2 survivors (2048K)
 Metaspace       used 35722K, committed 35968K, reserved 1114112K
  class space    used 4456K, committed 4608K, reserved 1048576K
}
Event: 6.445 GC heap before
{Heap before GC invocations=8 (full 0):
 garbage-first heap   total 45056K, used 36504K [0x00000000c2a00000, 0x0000000100000000)
  region size 1024K, 18 young (18432K), 2 survivors (2048K)
 Metaspace       used 38851K, committed 39104K, reserved 1114112K
  class space    used 4802K, committed 4928K, reserved 1048576K
}
Event: 6.452 GC heap after
{Heap after GC invocations=9 (full 0):
 garbage-first heap   total 45056K, used 19525K [0x00000000c2a00000, 0x0000000100000000)
  region size 1024K, 3 young (3072K), 3 survivors (3072K)
 Metaspace       used 38851K, committed 39104K, reserved 1114112K
  class space    used 4802K, committed 4928K, reserved 1048576K
}
Event: 6.943 GC heap before
{Heap before GC invocations=9 (full 0):
 garbage-first heap   total 45056K, used 35909K [0x00000000c2a00000, 0x0000000100000000)
  region size 1024K, 20 young (20480K), 3 survivors (3072K)
 Metaspace       used 42677K, committed 43072K, reserved 1114112K
  class space    used 5119K, committed 5312K, reserved 1048576K
}
Event: 6.953 GC heap after
{Heap after GC invocations=10 (full 0):
 garbage-first heap   total 45056K, used 20556K [0x00000000c2a00000, 0x0000000100000000)
  region size 1024K, 2 young (2048K), 2 survivors (2048K)
 Metaspace       used 42677K, committed 43072K, reserved 1114112K
  class space    used 5119K, committed 5312K, reserved 1048576K
}
Event: 7.576 GC heap before
{Heap before GC invocations=10 (full 0):
 garbage-first heap   total 45056K, used 36940K [0x00000000c2a00000, 0x0000000100000000)
  region size 1024K, 18 young (18432K), 2 survivors (2048K)
 Metaspace       used 44801K, committed 45440K, reserved 1114112K
  class space    used 5454K, committed 5760K, reserved 1048576K
}

